<?xml version="1.0" encoding="UTF-8"?>
<testng-results ignored="0" total="1" passed="1" failed="0" skipped="0">
  <reporter-output>
  </reporter-output>
  <suite started-at="2022-09-11T14:45:27 IST" name="Default suite" finished-at="2022-09-11T14:45:39 IST" duration-ms="12573">
    <groups>
    </groups>
    <test started-at="2022-09-11T14:45:27 IST" name="Default test" finished-at="2022-09-11T14:45:39 IST" duration-ms="12573">
      <class name="com.TestClass.TestCaseNo2">
        <test-method is-config="true" signature="BrowserOpen(java.lang.String)[pri:0, instance:com.TestClass.TestCaseNo2@1caa0244]" started-at="2022-09-11T14:45:27 IST" name="BrowserOpen" finished-at="2022-09-11T14:45:38 IST" duration-ms="11714" status="PASS">
          <params>
            <param index="0">
              <value>
                <![CDATA[chrome]]>
              </value>
            </param>
          </params>
          <reporter-output>
          </reporter-output>
        </test-method> <!-- BrowserOpen -->
        <test-method signature="dropdown()[pri:0, instance:com.TestClass.TestCaseNo2@1caa0244]" started-at="2022-09-11T14:45:39 IST" name="dropdown" finished-at="2022-09-11T14:45:39 IST" duration-ms="755" status="PASS">
          <reporter-output>
          </reporter-output>
        </test-method> <!-- dropdown -->
        <test-method is-config="true" signature="BrowserClosed()[pri:0, instance:com.TestClass.TestCaseNo2@1caa0244]" started-at="2022-09-11T14:45:39 IST" name="BrowserClosed" finished-at="2022-09-11T14:45:39 IST" duration-ms="1" status="PASS">
          <reporter-output>
          </reporter-output>
        </test-method> <!-- BrowserClosed -->
      </class> <!-- com.TestClass.TestCaseNo2 -->
    </test> <!-- Default test -->
  </suite> <!-- Default suite -->
</testng-results>
